# JRE version: OpenJDK Runtime Environment (11.0.9.1+1) (build 11.0.9.1+1-Ubuntu-0ubuntu1.20.04)
# Java VM: OpenJDK 64-Bit Server VM (11.0.9.1+1-Ubuntu-0ubuntu1.20.04, mixed mode, sharing, tiered, compressed oops, g1 gc, linux-amd64)
Heap:
 garbage-first heap   total 351232K, used 67537K [0x0000000706a00000, 0x0000000800000000)
  region size 1024K, 54 young (55296K), 22 survivors (22528K)
 Metaspace       used 33534K, capacity 34443K, committed 34888K, reserved 1079296K
  class space    used 3788K, capacity 4181K, committed 4224K, reserved 1048576K
GC Heap History (14 events):
Event: 0,243 GC heap before
{Heap before GC invocations=0 (full 0):
 garbage-first heap   total 258048K, used 15048K [0x0000000706a00000, 0x0000000800000000)
  region size 1024K, 14 young (14336K), 0 survivors (0K)
 Metaspace       used 4119K, capacity 6796K, committed 6912K, reserved 1056768K
  class space    used 448K, capacity 737K, committed 768K, reserved 1048576K
}
Event: 0,249 GC heap after
{Heap after GC invocations=1 (full 0):
 garbage-first heap   total 258048K, used 3398K [0x0000000706a00000, 0x0000000800000000)
  region size 1024K, 2 young (2048K), 2 survivors (2048K)
 Metaspace       used 4119K, capacity 6796K, committed 6912K, reserved 1056768K
  class space    used 448K, capacity 737K, committed 768K, reserved 1048576K
}
Event: 0,352 GC heap before
{Heap before GC invocations=1 (full 0):
 garbage-first heap   total 258048K, used 15686K [0x0000000706a00000, 0x0000000800000000)
  region size 1024K, 14 young (14336K), 2 survivors (2048K)
 Metaspace       used 5799K, capacity 8024K, committed 8192K, reserved 1056768K
  class space    used 687K, capacity 933K, committed 1024K, reserved 1048576K
}
Event: 0,358 GC heap after
{Heap after GC invocations=2 (full 0):
 garbage-first heap   total 258048K, used 4128K [0x0000000706a00000, 0x0000000800000000)
  region size 1024K, 1 young (1024K), 1 survivors (1024K)
 Metaspace       used 5799K, capacity 8024K, committed 8192K, reserved 1056768K
  class space    used 687K, capacity 933K, committed 1024K, reserved 1048576K
}
Event: 0,665 GC heap before
{Heap before GC invocations=2 (full 0):
 garbage-first heap   total 258048K, used 36896K [0x0000000706a00000, 0x0000000800000000)
  region size 1024K, 33 young (33792K), 1 survivors (1024K)
 Metaspace       used 10378K, capacity 12181K, committed 12544K, reserved 1060864K
  class space    used 1275K, capacity 1524K, committed 1536K, reserved 1048576K
}
Event: 0,668 GC heap after
{Heap after GC invocations=3 (full 0):
 garbage-first heap   total 258048K, used 5515K [0x0000000706a00000, 0x0000000800000000)
  region size 1024K, 3 young (3072K), 3 survivors (3072K)
 Metaspace       used 10378K, capacity 12181K, committed 12544K, reserved 1060864K
  class space    used 1275K, capacity 1524K, committed 1536K, reserved 1048576K
}
Event: 1,125 GC heap before
{Heap before GC invocations=3 (full 0):
 garbage-first heap   total 258048K, used 60811K [0x0000000706a00000, 0x0000000800000000)
  region size 1024K, 57 young (58368K), 3 survivors (3072K)
 Metaspace       used 13491K, capacity 15012K, committed 15488K, reserved 1062912K
  class space    used 1557K, capacity 1796K, committed 1920K, reserved 1048576K
}
Event: 1,134 GC heap after
{Heap after GC invocations=4 (full 0):
 garbage-first heap   total 258048K, used 11503K [0x0000000706a00000, 0x0000000800000000)
  region size 1024K, 8 young (8192K), 8 survivors (8192K)
 Metaspace       used 13491K, capacity 15012K, committed 15488K, reserved 1062912K
  class space    used 1557K, capacity 1796K, committed 1920K, reserved 1048576K
}
Event: 1,836 GC heap before
{Heap before GC invocations=4 (full 0):
 garbage-first heap   total 258048K, used 155887K [0x0000000706a00000, 0x0000000800000000)
  region size 1024K, 150 young (153600K), 8 survivors (8192K)
 Metaspace       used 17479K, capacity 18632K, committed 18816K, reserved 1067008K
  class space    used 1918K, capacity 2173K, committed 2176K, reserved 1048576K
}
Event: 1,848 GC heap after
{Heap after GC invocations=5 (full 0):
 garbage-first heap   total 351232K, used 20452K [0x0000000706a00000, 0x0000000800000000)
  region size 1024K, 17 young (17408K), 17 survivors (17408K)
 Metaspace       used 17479K, capacity 18632K, committed 18816K, reserved 1067008K
  class space    used 1918K, capacity 2173K, committed 2176K, reserved 1048576K
}
Event: 1,964 GC heap before
{Heap before GC invocations=5 (full 0):
 garbage-first heap   total 351232K, used 91108K [0x0000000706a00000, 0x0000000800000000)
  region size 1024K, 87 young (89088K), 17 survivors (17408K)
 Metaspace       used 19915K, capacity 20973K, committed 21248K, reserved 1069056K
  class space    used 2240K, capacity 2487K, committed 2560K, reserved 1048576K
}
Event: 1,982 GC heap after
{Heap after GC invocations=6 (full 0):
 garbage-first heap   total 351232K, used 21054K [0x0000000706a00000, 0x0000000800000000)
  region size 1024K, 10 young (10240K), 10 survivors (10240K)
 Metaspace       used 19915K, capacity 20973K, committed 21248K, reserved 1069056K
  class space    used 2240K, capacity 2487K, committed 2560K, reserved 1048576K
}
Event: 2,665 GC heap before
{Heap before GC invocations=7 (full 0):
 garbage-first heap   total 351232K, used 184894K [0x0000000706a00000, 0x0000000800000000)
  region size 1024K, 169 young (173056K), 10 survivors (10240K)
 Metaspace       used 25923K, capacity 26797K, committed 27080K, reserved 1073152K
  class space    used 2900K, capacity 3280K, committed 3328K, reserved 1048576K
}
Event: 2,674 GC heap after
{Heap after GC invocations=8 (full 0):
 garbage-first heap   total 351232K, used 35793K [0x0000000706a00000, 0x0000000800000000)
  region size 1024K, 22 young (22528K), 22 survivors (22528K)
 Metaspace       used 25923K, capacity 26797K, committed 27080K, reserved 1073152K
  class space    used 2900K, capacity 3280K, committed 3328K, reserved 1048576K
}

